<?xml version="1.0" encoding="UTF-8"?>
<!-- Generated by org.testng.reporters.JUnitXMLReporter -->
<testsuite hostname="Clovers-MBP.fritz.box" ignored="2" name="Default test" tests="1" failures="0" timestamp="2021-02-03T16:09:28 NZDT" time="2.066" errors="0">
  <testcase name="testSearchByInvalidID" time="1.951" classname="testcases.TestGetVideoGame"/>
  <testcase name="testSearchByID" time="0.0" classname="testcases.TestGetVideoGame">
    <ignored/>
  </testcase> <!-- testSearchByID -->
  <testcase name="testGetAllVideoGames" time="0.0" classname="testcases.TestGetVideoGame">
    <ignored/>
  </testcase> <!-- testGetAllVideoGames -->
</testsuite> <!-- Default test -->
