<?xml version="1.0" encoding="UTF-8"?>
<!-- Generated by org.testng.reporters.JUnitXMLReporter -->
<testsuite hostname="Clovers-MBP.fritz.box" ignored="1" name="Default test" tests="1" failures="0" timestamp="2021-02-02T17:06:17 NZDT" time="1.571" errors="0">
  <testcase name="testGetAllVideoGames" time="1.469" classname="testcases.TestGetVideoGame"/>
  <testcase name="testSearchByID" time="0.0" classname="testcases.TestGetVideoGame">
    <ignored/>
  </testcase> <!-- testSearchByID -->
</testsuite> <!-- Default test -->
