<?xml version="1.0" encoding="UTF-8"?>
<!-- Generated by org.testng.reporters.JUnitXMLReporter -->
<testsuite hostname="Clovers-MBP.fritz.box" ignored="0" name="API automation test" tests="1" failures="0" timestamp="2021-02-03T00:23:14 NZDT" time="1.688" errors="0">
  <testcase name="@BeforeSuite getProperties" time="0.016" classname="testcases.BaseTest">
    <failure type="java.io.FileNotFoundException" message="src/test/resources/config/config.properteis (No such file or directory)">
      <![CDATA[java.io.FileNotFoundException: src/test/resources/config/config.properteis (No such file or directory)
at java.io.FileInputStream.open0(Native Method)
at java.io.FileInputStream.open(FileInputStream.java:195)
at java.io.FileInputStream.<init>(FileInputStream.java:138)
at java.io.FileInputStream.<init>(FileInputStream.java:93)
at util.PropertiesReader.readProperties(PropertiesReader.java:33)
at testcases.BaseTest.getProperties(BaseTest.java:24)
... Removed 19 stack frames]]>
    </failure>
  </testcase> <!-- @BeforeSuite getProperties -->
  <testcase name="@BeforeTest prepareDate" time="1.649" classname="testcases.TestUpdateVideoGame">
    <failure type="java.lang.ArrayIndexOutOfBoundsException" message="-1">
      <![CDATA[java.lang.ArrayIndexOutOfBoundsException: -1
at java.util.ArrayList.elementData(ArrayList.java:418)
at java.util.ArrayList.get(ArrayList.java:431)
at java.util.Collections$UnmodifiableList.get(Collections.java:1309)
at testcases.BaseTest.getLastID(BaseTest.java:86)
at testcases.BaseTest.newVideoGame(BaseTest.java:53)
at testcases.TestUpdateVideoGame.prepareDate(TestUpdateVideoGame.java:20)
... Removed 24 stack frames]]>
    </failure>
  </testcase> <!-- @BeforeTest prepareDate -->
  <testcase name="testAddVideoGames" time="0.0" classname="testcases.TestUpdateVideoGame">
    <skipped/>
  </testcase> <!-- testAddVideoGames -->
</testsuite> <!-- API automation test -->
