<?xml version="1.0" encoding="UTF-8"?>
<!-- Generated by org.testng.reporters.JUnitXMLReporter -->
<testsuite hostname="Clovers-MBP.fritz.box" ignored="1" name="API automation test" tests="5" failures="0" timestamp="2021-02-01T04:08:49 NZDT" time="0.071" errors="0">
  <testcase name="@BeforeSuite getProperties" time="0.015" classname="testcases.BaseTest">
    <failure type="java.io.FileNotFoundException" message="src/test/resources/config/config.properteis (No such file or directory)">
      <![CDATA[java.io.FileNotFoundException: src/test/resources/config/config.properteis (No such file or directory)
at java.io.FileInputStream.open0(Native Method)
at java.io.FileInputStream.open(FileInputStream.java:195)
at java.io.FileInputStream.<init>(FileInputStream.java:138)
at java.io.FileInputStream.<init>(FileInputStream.java:93)
at util.PropertiesReader.readProperties(PropertiesReader.java:33)
at testcases.BaseTest.getProperties(BaseTest.java:22)
... Removed 19 stack frames]]>
    </failure>
  </testcase> <!-- @BeforeSuite getProperties -->
  <testcase name="getVideoGamesCount" time="0.0" classname="testcases.TestGetVideoGame">
    <skipped/>
  </testcase> <!-- getVideoGamesCount -->
  <testcase name="testGetAllVideoGames" time="0.0" classname="testcases.TestGetVideoGame">
    <skipped/>
  </testcase> <!-- testGetAllVideoGames -->
  <testcase name="testSearchByOne" time="0.0" classname="testcases.TestGetVideoGame">
    <skipped/>
  </testcase> <!-- testSearchByOne -->
  <testcase name="testDeleteVideoGame" time="0.0" classname="testcases.TestUpdateVideoGame">
    <skipped/>
  </testcase> <!-- testDeleteVideoGame -->
  <testcase name="testAddVideoGames" time="0.0" classname="testcases.TestUpdateVideoGame">
    <skipped/>
  </testcase> <!-- testAddVideoGames -->
  <testcase name="@BeforeSuite getProperties" time="0.0" classname="testcases.BaseTest">
    <ignored/>
  </testcase> <!-- @BeforeSuite getProperties -->
</testsuite> <!-- API automation test -->
