<?xml version="1.0" encoding="UTF-8"?>
<testng-results skipped="0" failed="0" ignored="2" total="3" passed="1">
  <reporter-output>
  </reporter-output>
  <suite name="Default suite" duration-ms="2066" started-at="2021-02-03T16:09:26 NZDT" finished-at="2021-02-03T16:09:28 NZDT">
    <groups>
      <group name="negtive">
        <method signature="TestGetVideoGame.testSearchByInvalidID()[pri:3, instance:testcases.TestGetVideoGame@6a28ffa4]" name="testSearchByInvalidID" class="testcases.TestGetVideoGame"/>
      </group> <!-- negtive -->
    </groups>
    <test name="Default test" duration-ms="2066" started-at="2021-02-03T16:09:26 NZDT" finished-at="2021-02-03T16:09:28 NZDT">
      <class name="testcases.TestGetVideoGame">
        <test-method status="PASS" signature="getProperties(java.lang.String, java.lang.String)[pri:0, instance:testcases.TestGetVideoGame@6a28ffa4]" name="getProperties" is-config="true" duration-ms="545" started-at="2021-02-03T16:09:25 NZDT" description="read configurations from properties files" finished-at="2021-02-03T16:09:26 NZDT">
          <params>
            <param index="0">
              <value>
                <![CDATA[src/test/resources/config/config.properties]]>
              </value>
            </param>
            <param index="1">
              <value>
                <![CDATA[src/test/resources/config/log4j.properties]]>
              </value>
            </param>
          </params>
          <reporter-output>
          </reporter-output>
        </test-method> <!-- getProperties -->
        <test-method status="PASS" signature="testSearchByInvalidID()[pri:3, instance:testcases.TestGetVideoGame@6a28ffa4]" name="testSearchByInvalidID" duration-ms="1951" started-at="2021-02-03T16:09:26 NZDT" description="API: try to get video game by invalid id" finished-at="2021-02-03T16:09:28 NZDT">
          <reporter-output>
          </reporter-output>
        </test-method> <!-- testSearchByInvalidID -->
      </class> <!-- testcases.TestGetVideoGame -->
    </test> <!-- Default test -->
  </suite> <!-- Default suite -->
</testng-results>
